
<!DOCTYPE HTML PUBLIC "-//W3C//DTD HTML 4.01 Transitional//EN" "http://www.w3.org/TR/html4/loose.dtd">
<html>
<head id="Head1"><title>
	Tenrox
</title><link href="../Common/Styles/utils.css" rel="stylesheet" type="text/css" /><link href="../Common/BasePage.css" type="text/css" rel="stylesheet" /><link rel="StyleSheet" type="text/css" href="../common/styles/TPageStyles.css" /><link rel="StyleSheet" type="text/css" href="../common/fields.css" />
	
		<!--[if IE]><link rel="StyleSheet" type="text/css" href=""../core/common/fields_ie.css"><![endif]-->
        <link type="text/css" rel="stylesheet" href="../Common/styles/errorPage.css" />
		<!--[if IE]><link type="text/css" rel="stylesheet" href="../Common/styles/errorPage_ie.css" /><![endif]-->

		<script type="text/javascript" language="javascript" src="../../core/common/common95.js"></script>


        <script type="text/javascript" language="JavaScript">
        function RedirectToLogin()
        {
            window.top.window.location.href = "../../index.asp";
        }
           function hideLoading() {
           	if (top && top.pageLoading) {
           		top.pageLoading.hide();
           	}
		   }
        </script>
</head>
<body onload="hideLoading()">
    <form name="form1" method="post" action="Error.aspx" id="form1">
<input type="hidden" name="__VIEWSTATE" id="__VIEWSTATE" value="/wEPDwUKMTMyNDU4MDc4NA9kFgICAw9kFgICAQ8WAh4JaW5uZXJodG1sBUI8ZGl2PllvdSBkbyBub3QgaGF2ZSB0aGUgcmVxdWlyZWQgcGVybWlzc2lvbi4gQWNjZXNzIERlbmllZC48L2Rpdj5kZGLFkYy3LFrrjrdvjj9Qb2skPBdhSrZD5xJFsKcxMwv1" />

    <p>&nbsp;</p><p>&nbsp;</p>
    <div class="erBaseContainer">
	<table class="to erContainer"><tr><td>
		<div class="erHeader">Tenrox</div>
			<div class="erContent">
			<div id="TDError" class="erTextError"><div>You do not have the required permission. Access Denied.</div></div>
		</div>
	</td></tr></table>
    </div>
    </form>
</body>
</html>
